[4/20/2019]
Histy: BungeeTabList cformat changed by ADIP1598
Histy: ModChat & AdminChat color changed by ADIP1598

[4/19/2019]
Histy: [s1] Changes to rank Player1: Disabled access Sethome, Home, Nether, Build, The End, McMmo Skills/Commands (removed useless perm)
Histy: [s1] Changes to rank Player2: Granted access Sethome, Home, Build, Home count +1 (removed useless perm)
Histy: [s1] Changes to rank Player3: Granted access Nether, The End, Home count +1 (removed useless perm)
Histy: [s1] Changes to rank Player4: Granted access PlayerVault, PV count + 1, Home count =1 
Histy: [s1] Changes to rank Player5: Granted access McMMo Skills/Commands, Denied access create warp (removed useless perm)

[4/19/2019]
MazzyStarrr : [s1] Updated disguise plugin.
MazzyStarrr : [s1] Updated Autorestart plugin.
MazzyStarrr : [s1] Updated chair plugin.

[4/16/2019]
Histy: Bug fix bypass timer on rank "Archeon" (added permission and checked)
Histy: Bug fix McMmo exp boost 300% changed to triple (checked by vari)
Leonidesu: Bug fix reverting email addon to ver 1.1 because of parsing error.
Leonidesu: Bug fix Item ID Thor_Pickaxe to not be able to combine or rename.

[4/15/2019]
Leonidesu: [s1] Change log for Survival Server created
Leonidesu: [s1] Melakukan disable untuk mining ore di warp build / town. Mining ore hanya diperbolehkan melalui world resource.
Histy: [github] Added BugFix & Feature Log
